0 info it worked if it ends with ok
1 verbose cli [ '/home/pony/Node/node-v6.10.0-linux-x64/bin/node',
1 verbose cli   '/home/pony/.npm-global/bin/npm',
1 verbose cli   'run',
1 verbose cli   'test:watch' ]
2 info using npm@3.10.10
3 info using node@v6.10.0
4 verbose run-script [ 'pretest:watch', 'test:watch', 'posttest:watch' ]
5 info lifecycle rxjs-couchdb@1.0.0~pretest:watch: rxjs-couchdb@1.0.0
6 silly lifecycle rxjs-couchdb@1.0.0~pretest:watch: no script for pretest:watch, continuing
7 info lifecycle rxjs-couchdb@1.0.0~test:watch: rxjs-couchdb@1.0.0
8 verbose lifecycle rxjs-couchdb@1.0.0~test:watch: unsafe-perm in lifecycle true
9 verbose lifecycle rxjs-couchdb@1.0.0~test:watch: PATH: /home/pony/Node/node-v6.10.0-linux-x64/lib/node_modules/npm/bin/node-gyp-bin:/home/pony/myLibs/rxjs-couchdb/node_modules/.bin:/home/pony/Node/node-v6.10.0-linux-x64/bin:/usr/local/heroku/bin:/home/pony/bin:/home/pony/.local/bin:/usr/local/sbin:/usr/local/bin:/usr/sbin:/usr/bin:/sbin:/bin:/usr/games:/usr/local/games:/home/pony/.npm-global/bin:/snap/bin:/home/pony/Android/Sdk/tools:/home/pony/Android/Sdk/platform-tools
10 verbose lifecycle rxjs-couchdb@1.0.0~test:watch: CWD: /home/pony/myLibs/rxjs-couchdb
11 silly lifecycle rxjs-couchdb@1.0.0~test:watch: Args: [ '-c', 'npm test -- --watch' ]
12 silly lifecycle rxjs-couchdb@1.0.0~test:watch: Returned: code: 1  signal: null
13 info lifecycle rxjs-couchdb@1.0.0~test:watch: Failed to exec test:watch script
14 verbose stack Error: rxjs-couchdb@1.0.0 test:watch: `npm test -- --watch`
14 verbose stack Exit status 1
14 verbose stack     at EventEmitter.<anonymous> (/home/pony/Node/node-v6.10.0-linux-x64/lib/node_modules/npm/lib/utils/lifecycle.js:255:16)
14 verbose stack     at emitTwo (events.js:106:13)
14 verbose stack     at EventEmitter.emit (events.js:191:7)
14 verbose stack     at ChildProcess.<anonymous> (/home/pony/Node/node-v6.10.0-linux-x64/lib/node_modules/npm/lib/utils/spawn.js:40:14)
14 verbose stack     at emitTwo (events.js:106:13)
14 verbose stack     at ChildProcess.emit (events.js:191:7)
14 verbose stack     at maybeClose (internal/child_process.js:877:16)
14 verbose stack     at Process.ChildProcess._handle.onexit (internal/child_process.js:226:5)
15 verbose pkgid rxjs-couchdb@1.0.0
16 verbose cwd /home/pony/myLibs/rxjs-couchdb
17 error Linux 4.10.0-32-generic
18 error argv "/home/pony/Node/node-v6.10.0-linux-x64/bin/node" "/home/pony/.npm-global/bin/npm" "run" "test:watch"
19 error node v6.10.0
20 error npm  v3.10.10
21 error code ELIFECYCLE
22 error rxjs-couchdb@1.0.0 test:watch: `npm test -- --watch`
22 error Exit status 1
23 error Failed at the rxjs-couchdb@1.0.0 test:watch script 'npm test -- --watch'.
23 error Make sure you have the latest version of node.js and npm installed.
23 error If you do, this is most likely a problem with the rxjs-couchdb package,
23 error not with npm itself.
23 error Tell the author that this fails on your system:
23 error     npm test -- --watch
23 error You can get information on how to open an issue for this project with:
23 error     npm bugs rxjs-couchdb
23 error Or if that isn't available, you can get their info via:
23 error     npm owner ls rxjs-couchdb
23 error There is likely additional logging output above.
24 verbose exit [ 1, true ]
